Determining if the pthread_create exist failed with the following output:
Change Dir: /home/mihailus/Mihailus2000/MGTU_2_1_АЯ/lab-02-cache/cmake-build-release/CMakeFiles/CMakeTmp

Run Build Command(s):/usr/bin/make cmTC_b97dc/fast 
/usr/bin/make -f CMakeFiles/cmTC_b97dc.dir/build.make CMakeFiles/cmTC_b97dc.dir/build
make[1]: вход в каталог «/home/mihailus/Mihailus2000/MGTU_2_1_АЯ/lab-02-cache/cmake-build-release/CMakeFiles/CMakeTmp»
Building C object CMakeFiles/cmTC_b97dc.dir/CheckSymbolExists.c.o
/usr/bin/cc    -o CMakeFiles/cmTC_b97dc.dir/CheckSymbolExists.c.o   -c /home/mihailus/Mihailus2000/MGTU_2_1_АЯ/lab-02-cache/cmake-build-release/CMakeFiles/CMakeTmp/CheckSymbolExists.c
Linking C executable cmTC_b97dc
/opt/clion-2019.2.2/bin/cmake/linux/bin/cmake -E cmake_link_script CMakeFiles/cmTC_b97dc.dir/link.txt --verbose=1
/usr/bin/cc      CMakeFiles/cmTC_b97dc.dir/CheckSymbolExists.c.o  -o cmTC_b97dc 
/usr/bin/ld: CMakeFiles/cmTC_b97dc.dir/CheckSymbolExists.c.o: в функции «main»:
CheckSymbolExists.c:(.text+0x1b): неопределённая ссылка на «pthread_create»
collect2: error: ld returned 1 exit status
make[1]: *** [CMakeFiles/cmTC_b97dc.dir/build.make:87: cmTC_b97dc] Ошибка 1
make[1]: выход из каталога «/home/mihailus/Mihailus2000/MGTU_2_1_АЯ/lab-02-cache/cmake-build-release/CMakeFiles/CMakeTmp»
make: *** [Makefile:121: cmTC_b97dc/fast] Ошибка 2

File /home/mihailus/Mihailus2000/MGTU_2_1_АЯ/lab-02-cache/cmake-build-release/CMakeFiles/CMakeTmp/CheckSymbolExists.c:
/* */
#include <pthread.h>

int main(int argc, char** argv)
{
  (void)argv;
#ifndef pthread_create
  return ((int*)(&pthread_create))[argc];
#else
  (void)argc;
  return 0;
#endif
}

